<?xml version="1.0" encoding="UTF-8"?>
<!-- Generated by org.testng.reporters.JUnitReportReporter -->
<testsuite skipped="0" hostname="LAPTOP-2BGIP9DO" name="com.abc.config.StartBrowser" tests="1" failures="0" timestamp="4 Mar 2021 02:46:01 GMT" time="2.477" errors="0">
  <testcase name="lunch" time="2.477" classname="com.abc.config.StartBrowser"/>
</testsuite> <!-- com.abc.config.StartBrowser -->
